<?xml version="1.0" encoding="UTF-8"?>
<!-- Generated by org.testng.reporters.JUnitReportReporter -->
<testsuite hostname="Sumit" failures="0" tests="6" name="api.testcases.UserTestDD" time="15.005" errors="0" timestamp="2023-09-04T19:16:33 IST" skipped="0">
  <testcase classname="api.testcases.UserTestDD" name="testCreateUser" time="1.992"/>
  <system-out/>
  <testcase classname="api.testcases.UserTestDD" name="testCreateUser" time="3.033"/>
  <system-out/>
  <testcase classname="api.testcases.UserTestDD" name="testCreateUser" time="3.786"/>
  <system-out/>
  <testcase classname="api.testcases.UserTestDD" name="testDeleteUserDetails" time="2.046"/>
  <system-out/>
  <testcase classname="api.testcases.UserTestDD" name="testDeleteUserDetails" time="2.101"/>
  <system-out/>
  <testcase classname="api.testcases.UserTestDD" name="testDeleteUserDetails" time="2.047"/>
  <system-out/>
</testsuite> <!-- api.testcases.UserTestDD -->
