<?xml version="1.0" encoding="UTF-8"?>
<!-- Generated by org.testng.reporters.JUnitReportReporter -->
<testsuite hostname="Sumit" failures="0" tests="4" name="api.testcases.UserTest" time="12.757" errors="0" timestamp="2023-09-06T12:07:04 IST" skipped="0">
  <testcase classname="api.testcases.UserTest" name="testCreateUser" time="4.608"/>
  <system-out/>
  <testcase classname="api.testcases.UserTest" name="testGetUserDetails" time="1.605"/>
  <system-out/>
  <testcase classname="api.testcases.UserTest" name="testUpdateUserDetails" time="3.372"/>
  <system-out/>
  <testcase classname="api.testcases.UserTest" name="testDeleteUserDetails" time="3.172"/>
  <system-out/>
</testsuite> <!-- api.testcases.UserTest -->
