<?xml version="1.0" encoding="UTF-8"?>
<!-- Generated by org.testng.reporters.JUnitReportReporter -->
<testsuite hostname="Sumit" failures="0" tests="4" name="api.testcases.UserTest2" time="10.983" errors="0" timestamp="2023-09-10T10:08:34 IST" skipped="0">
  <testcase classname="api.testcases.UserTest2" name="testCreateUser" time="3.286"/>
  <system-out/>
  <testcase classname="api.testcases.UserTest2" name="testGetUserDetails" time="1.556"/>
  <system-out/>
  <testcase classname="api.testcases.UserTest2" name="testUpdateUserDetails" time="3.069"/>
  <system-out/>
  <testcase classname="api.testcases.UserTest2" name="testDeleteUserDetails" time="3.072"/>
  <system-out/>
</testsuite> <!-- api.testcases.UserTest2 -->
