<?xml version="1.0" encoding="UTF-8"?>
<!-- Generated by org.testng.reporters.JUnitReportReporter -->
<testsuite hostname="Sumit" failures="0" tests="4" name="api.testcases.UserTest2" time="11.266" errors="0" timestamp="2023-09-10T14:38:52 IST" skipped="0">
  <testcase classname="api.testcases.UserTest2" name="testCreateUser" time="3.562"/>
  <system-out/>
  <testcase classname="api.testcases.UserTest2" name="testGetUserDetails" time="1.564"/>
  <system-out/>
  <testcase classname="api.testcases.UserTest2" name="testUpdateUserDetails" time="3.070"/>
  <system-out/>
  <testcase classname="api.testcases.UserTest2" name="testDeleteUserDetails" time="3.070"/>
  <system-out/>
</testsuite> <!-- api.testcases.UserTest2 -->
